<?xml version="1.0" encoding="UTF-8"?><testrun name="TestAdminController" project="learning-management-system" tests="23" started="23" failures="1" errors="0" ignored="0">
  <testsuite name="com.te.lms.controller.TestAdminController" time="21.644" displayname="TestAdminController" uniqueid="[engine:junit-jupiter]/[class:com.te.lms.controller.TestAdminController]">
    <testcase name="testGetEmployee_Returns400" classname="com.te.lms.controller.TestAdminController" time="0.178" displayname="testGetEmployee_Returns400()" uniqueid="[engine:junit-jupiter]/[class:com.te.lms.controller.TestAdminController]/[method:testGetEmployee_Returns400()]"/>
    <testcase name="testRegisterMentor" classname="com.te.lms.controller.TestAdminController" time="7.583" displayname="testRegisterMentor()" uniqueid="[engine:junit-jupiter]/[class:com.te.lms.controller.TestAdminController]/[method:testRegisterMentor()]"/>
    <testcase name="testDeleteBatch" classname="com.te.lms.controller.TestAdminController" time="0.021" displayname="testDeleteBatch()" uniqueid="[engine:junit-jupiter]/[class:com.te.lms.controller.TestAdminController]/[method:testDeleteBatch()]"/>
    <testcase name="testDeleteMentor_Returns400" classname="com.te.lms.controller.TestAdminController" time="0.017" displayname="testDeleteMentor_Returns400()" uniqueid="[engine:junit-jupiter]/[class:com.te.lms.controller.TestAdminController]/[method:testDeleteMentor_Returns400()]"/>
    <testcase name="testGetEmployee" classname="com.te.lms.controller.TestAdminController" time="0.017" displayname="testGetEmployee()" uniqueid="[engine:junit-jupiter]/[class:com.te.lms.controller.TestAdminController]/[method:testGetEmployee()]"/>
    <testcase name="testGetBatch" classname="com.te.lms.controller.TestAdminController" time="0.049" displayname="testGetBatch()" uniqueid="[engine:junit-jupiter]/[class:com.te.lms.controller.TestAdminController]/[method:testGetBatch()]"/>
    <testcase name="testUpdateBatch" classname="com.te.lms.controller.TestAdminController" time="0.031" displayname="testUpdateBatch()" uniqueid="[engine:junit-jupiter]/[class:com.te.lms.controller.TestAdminController]/[method:testUpdateBatch()]"/>
    <testcase name="testRejectRequest" classname="com.te.lms.controller.TestAdminController" time="6.297" displayname="testRejectRequest()" uniqueid="[engine:junit-jupiter]/[class:com.te.lms.controller.TestAdminController]/[method:testRejectRequest()]"/>
    <testcase name="testGetRequestList" classname="com.te.lms.controller.TestAdminController" time="0.021" displayname="testGetRequestList()" uniqueid="[engine:junit-jupiter]/[class:com.te.lms.controller.TestAdminController]/[method:testGetRequestList()]"/>
    <testcase name="testGetMentors_Returns400" classname="com.te.lms.controller.TestAdminController" time="0.018" displayname="testGetMentors_Returns400()" uniqueid="[engine:junit-jupiter]/[class:com.te.lms.controller.TestAdminController]/[method:testGetMentors_Returns400()]">
      <failure>java.lang.AssertionError: Status expected:&lt;400&gt; but was:&lt;200&gt;&#13;
	at org.springframework.test.util.AssertionErrors.fail(AssertionErrors.java:59)&#13;
	at org.springframework.test.util.AssertionErrors.assertEquals(AssertionErrors.java:122)&#13;
	at org.springframework.test.web.servlet.result.StatusResultMatchers.lambda$matcher$9(StatusResultMatchers.java:627)&#13;
	at org.springframework.test.web.servlet.MockMvc$1.andExpect(MockMvc.java:214)&#13;
	at com.te.lms.controller.TestAdminController.testGetMentors_Returns400(TestAdminController.java:415)&#13;
	at java.base/jdk.internal.reflect.NativeMethodAccessorImpl.invoke0(Native Method)&#13;
	at java.base/jdk.internal.reflect.NativeMethodAccessorImpl.invoke(NativeMethodAccessorImpl.java:64)&#13;
	at java.base/jdk.internal.reflect.DelegatingMethodAccessorImpl.invoke(DelegatingMethodAccessorImpl.java:43)&#13;
	at java.base/java.lang.reflect.Method.invoke(Method.java:564)&#13;
	at org.junit.platform.commons.util.ReflectionUtils.invokeMethod(ReflectionUtils.java:725)&#13;
	at org.junit.jupiter.engine.execution.MethodInvocation.proceed(MethodInvocation.java:60)&#13;
	at org.junit.jupiter.engine.execution.InvocationInterceptorChain$ValidatingInvocation.proceed(InvocationInterceptorChain.java:131)&#13;
	at org.junit.jupiter.engine.extension.TimeoutExtension.intercept(TimeoutExtension.java:149)&#13;
	at org.junit.jupiter.engine.extension.TimeoutExtension.interceptTestableMethod(TimeoutExtension.java:140)&#13;
	at org.junit.jupiter.engine.extension.TimeoutExtension.interceptTestMethod(TimeoutExtension.java:84)&#13;
	at org.junit.jupiter.engine.execution.ExecutableInvoker$ReflectiveInterceptorCall.lambda$ofVoidMethod$0(ExecutableInvoker.java:115)&#13;
	at org.junit.jupiter.engine.execution.ExecutableInvoker.lambda$invoke$0(ExecutableInvoker.java:105)&#13;
	at org.junit.jupiter.engine.execution.InvocationInterceptorChain$InterceptedInvocation.proceed(InvocationInterceptorChain.java:106)&#13;
	at org.junit.jupiter.engine.execution.InvocationInterceptorChain.proceed(InvocationInterceptorChain.java:64)&#13;
	at org.junit.jupiter.engine.execution.InvocationInterceptorChain.chainAndInvoke(InvocationInterceptorChain.java:45)&#13;
	at org.junit.jupiter.engine.execution.InvocationInterceptorChain.invoke(InvocationInterceptorChain.java:37)&#13;
	at org.junit.jupiter.engine.execution.ExecutableInvoker.invoke(ExecutableInvoker.java:104)&#13;
	at org.junit.jupiter.engine.execution.ExecutableInvoker.invoke(ExecutableInvoker.java:98)&#13;
	at org.junit.jupiter.engine.descriptor.TestMethodTestDescriptor.lambda$invokeTestMethod$7(TestMethodTestDescriptor.java:214)&#13;
	at org.junit.platform.engine.support.hierarchical.ThrowableCollector.execute(ThrowableCollector.java:73)&#13;
	at org.junit.jupiter.engine.descriptor.TestMethodTestDescriptor.invokeTestMethod(TestMethodTestDescriptor.java:210)&#13;
	at org.junit.jupiter.engine.descriptor.TestMethodTestDescriptor.execute(TestMethodTestDescriptor.java:135)&#13;
	at org.junit.jupiter.engine.descriptor.TestMethodTestDescriptor.execute(TestMethodTestDescriptor.java:66)&#13;
	at org.junit.platform.engine.support.hierarchical.NodeTestTask.lambda$executeRecursively$6(NodeTestTask.java:151)&#13;
	at org.junit.platform.engine.support.hierarchical.ThrowableCollector.execute(ThrowableCollector.java:73)&#13;
	at org.junit.platform.engine.support.hierarchical.NodeTestTask.lambda$executeRecursively$8(NodeTestTask.java:141)&#13;
	at org.junit.platform.engine.support.hierarchical.Node.around(Node.java:137)&#13;
	at org.junit.platform.engine.support.hierarchical.NodeTestTask.lambda$executeRecursively$9(NodeTestTask.java:139)&#13;
	at org.junit.platform.engine.support.hierarchical.ThrowableCollector.execute(ThrowableCollector.java:73)&#13;
	at org.junit.platform.engine.support.hierarchical.NodeTestTask.executeRecursively(NodeTestTask.java:138)&#13;
	at org.junit.platform.engine.support.hierarchical.NodeTestTask.execute(NodeTestTask.java:95)&#13;
	at java.base/java.util.ArrayList.forEach(ArrayList.java:1511)&#13;
	at org.junit.platform.engine.support.hierarchical.SameThreadHierarchicalTestExecutorService.invokeAll(SameThreadHierarchicalTestExecutorService.java:41)&#13;
	at org.junit.platform.engine.support.hierarchical.NodeTestTask.lambda$executeRecursively$6(NodeTestTask.java:155)&#13;
	at org.junit.platform.engine.support.hierarchical.ThrowableCollector.execute(ThrowableCollector.java:73)&#13;
	at org.junit.platform.engine.support.hierarchical.NodeTestTask.lambda$executeRecursively$8(NodeTestTask.java:141)&#13;
	at org.junit.platform.engine.support.hierarchical.Node.around(Node.java:137)&#13;
	at org.junit.platform.engine.support.hierarchical.NodeTestTask.lambda$executeRecursively$9(NodeTestTask.java:139)&#13;
	at org.junit.platform.engine.support.hierarchical.ThrowableCollector.execute(ThrowableCollector.java:73)&#13;
	at org.junit.platform.engine.support.hierarchical.NodeTestTask.executeRecursively(NodeTestTask.java:138)&#13;
	at org.junit.platform.engine.support.hierarchical.NodeTestTask.execute(NodeTestTask.java:95)&#13;
	at java.base/java.util.ArrayList.forEach(ArrayList.java:1511)&#13;
	at org.junit.platform.engine.support.hierarchical.SameThreadHierarchicalTestExecutorService.invokeAll(SameThreadHierarchicalTestExecutorService.java:41)&#13;
	at org.junit.platform.engine.support.hierarchical.NodeTestTask.lambda$executeRecursively$6(NodeTestTask.java:155)&#13;
	at org.junit.platform.engine.support.hierarchical.ThrowableCollector.execute(ThrowableCollector.java:73)&#13;
	at org.junit.platform.engine.support.hierarchical.NodeTestTask.lambda$executeRecursively$8(NodeTestTask.java:141)&#13;
	at org.junit.platform.engine.support.hierarchical.Node.around(Node.java:137)&#13;
	at org.junit.platform.engine.support.hierarchical.NodeTestTask.lambda$executeRecursively$9(NodeTestTask.java:139)&#13;
	at org.junit.platform.engine.support.hierarchical.ThrowableCollector.execute(ThrowableCollector.java:73)&#13;
	at org.junit.platform.engine.support.hierarchical.NodeTestTask.executeRecursively(NodeTestTask.java:138)&#13;
	at org.junit.platform.engine.support.hierarchical.NodeTestTask.execute(NodeTestTask.java:95)&#13;
	at org.junit.platform.engine.support.hierarchical.SameThreadHierarchicalTestExecutorService.submit(SameThreadHierarchicalTestExecutorService.java:35)&#13;
	at org.junit.platform.engine.support.hierarchical.HierarchicalTestExecutor.execute(HierarchicalTestExecutor.java:57)&#13;
	at org.junit.platform.engine.support.hierarchical.HierarchicalTestEngine.execute(HierarchicalTestEngine.java:54)&#13;
	at org.junit.platform.launcher.core.EngineExecutionOrchestrator.execute(EngineExecutionOrchestrator.java:107)&#13;
	at org.junit.platform.launcher.core.EngineExecutionOrchestrator.execute(EngineExecutionOrchestrator.java:88)&#13;
	at org.junit.platform.launcher.core.EngineExecutionOrchestrator.lambda$execute$0(EngineExecutionOrchestrator.java:54)&#13;
	at org.junit.platform.launcher.core.EngineExecutionOrchestrator.withInterceptedStreams(EngineExecutionOrchestrator.java:67)&#13;
	at org.junit.platform.launcher.core.EngineExecutionOrchestrator.execute(EngineExecutionOrchestrator.java:52)&#13;
	at org.junit.platform.launcher.core.DefaultLauncher.execute(DefaultLauncher.java:114)&#13;
	at org.junit.platform.launcher.core.DefaultLauncher.execute(DefaultLauncher.java:95)&#13;
	at org.junit.platform.launcher.core.DefaultLauncherSession$DelegatingLauncher.execute(DefaultLauncherSession.java:91)&#13;
	at org.junit.platform.launcher.core.SessionPerRequestLauncher.execute(SessionPerRequestLauncher.java:60)&#13;
	at org.eclipse.jdt.internal.junit5.runner.JUnit5TestReference.run(JUnit5TestReference.java:98)&#13;
	at org.eclipse.jdt.internal.junit.runner.TestExecution.run(TestExecution.java:41)&#13;
	at org.eclipse.jdt.internal.junit.runner.RemoteTestRunner.runTests(RemoteTestRunner.java:542)&#13;
	at org.eclipse.jdt.internal.junit.runner.RemoteTestRunner.runTests(RemoteTestRunner.java:770)&#13;
	at org.eclipse.jdt.internal.junit.runner.RemoteTestRunner.run(RemoteTestRunner.java:464)&#13;
	at org.eclipse.jdt.internal.junit.runner.RemoteTestRunner.main(RemoteTestRunner.java:210)&#13;
&#13;
</failure>
    </testcase>
    <testcase name="testUpdateMentor" classname="com.te.lms.controller.TestAdminController" time="0.018" displayname="testUpdateMentor()" uniqueid="[engine:junit-jupiter]/[class:com.te.lms.controller.TestAdminController]/[method:testUpdateMentor()]"/>
    <testcase name="testDeleteMentor" classname="com.te.lms.controller.TestAdminController" time="0.016" displayname="testDeleteMentor()" uniqueid="[engine:junit-jupiter]/[class:com.te.lms.controller.TestAdminController]/[method:testDeleteMentor()]"/>
    <testcase name="testApproveRequest_Returns400" classname="com.te.lms.controller.TestAdminController" time="0.025" displayname="testApproveRequest_Returns400()" uniqueid="[engine:junit-jupiter]/[class:com.te.lms.controller.TestAdminController]/[method:testApproveRequest_Returns400()]"/>
    <testcase name="testRejectRequest_Returns400" classname="com.te.lms.controller.TestAdminController" time="0.022" displayname="testRejectRequest_Returns400()" uniqueid="[engine:junit-jupiter]/[class:com.te.lms.controller.TestAdminController]/[method:testRejectRequest_Returns400()]"/>
    <testcase name="testRegisterBatch" classname="com.te.lms.controller.TestAdminController" time="0.022" displayname="testRegisterBatch()" uniqueid="[engine:junit-jupiter]/[class:com.te.lms.controller.TestAdminController]/[method:testRegisterBatch()]"/>
    <testcase name="testApproveRequest" classname="com.te.lms.controller.TestAdminController" time="7.206" displayname="testApproveRequest()" uniqueid="[engine:junit-jupiter]/[class:com.te.lms.controller.TestAdminController]/[method:testApproveRequest()]"/>
    <testcase name="testDeleteBatch_Returns400" classname="com.te.lms.controller.TestAdminController" time="0.013" displayname="testDeleteBatch_Returns400()" uniqueid="[engine:junit-jupiter]/[class:com.te.lms.controller.TestAdminController]/[method:testDeleteBatch_Returns400()]"/>
    <testcase name="testUpdateBatch_Returns400" classname="com.te.lms.controller.TestAdminController" time="0.016" displayname="testUpdateBatch_Returns400()" uniqueid="[engine:junit-jupiter]/[class:com.te.lms.controller.TestAdminController]/[method:testUpdateBatch_Returns400()]"/>
    <testcase name="testUpdateMentor_Returns400" classname="com.te.lms.controller.TestAdminController" time="0.014" displayname="testUpdateMentor_Returns400()" uniqueid="[engine:junit-jupiter]/[class:com.te.lms.controller.TestAdminController]/[method:testUpdateMentor_Returns400()]"/>
    <testcase name="testGetMentors" classname="com.te.lms.controller.TestAdminController" time="0.013" displayname="testGetMentors()" uniqueid="[engine:junit-jupiter]/[class:com.te.lms.controller.TestAdminController]/[method:testGetMentors()]"/>
    <testcase name="testGetBatch_Returns400" classname="com.te.lms.controller.TestAdminController" time="0.013" displayname="testGetBatch_Returns400()" uniqueid="[engine:junit-jupiter]/[class:com.te.lms.controller.TestAdminController]/[method:testGetBatch_Returns400()]"/>
    <testcase name="testRegisterBatch_Returns400" classname="com.te.lms.controller.TestAdminController" time="0.015" displayname="testRegisterBatch_Returns400()" uniqueid="[engine:junit-jupiter]/[class:com.te.lms.controller.TestAdminController]/[method:testRegisterBatch_Returns400()]"/>
    <testcase name="testRegisterMentor_Returns400" classname="com.te.lms.controller.TestAdminController" time="0.017" displayname="testRegisterMentor_Returns400()" uniqueid="[engine:junit-jupiter]/[class:com.te.lms.controller.TestAdminController]/[method:testRegisterMentor_Returns400()]"/>
  </testsuite>
</testrun>
